生成启动时间为 2017/10/18 21:51:43。
     1>项目“E:\RESEARCH\mobile welding robot\control\Kinect\Kinect_Target_Recognition\Kinect_Target_Recognition\Kinect_Target_Recognition.vcxproj”在节点 2 上(Build 个目标)。
     1>ClCompile:
         C:\Program Files (x86)\Microsoft Visual Studio 14.0\VC\bin\CL.exe /c /I"E:\RESEARCH\mobile welding robot\control\Kinect\Kinect_ImagePorcess_Runtime\inc" /ZI /nologo /W3 /WX- /sdl- /Od /Oy- /D WIN32 /D _DEBUG /D _CONSOLE /D _CRT_SECURE_NO_WARNINGS /D _UNICODE /D UNICODE /Gm /EHsc /RTC1 /MDd /GS /fp:precise /Zc:wchar_t /Zc:forScope /Zc:inline /Yu"stdafx.h" /Fp"Debug\Kinect_Target_Recognition.pch" /Fo"Debug\\" /Fd"Debug\vc140.pdb" /Gd /TP /analyze- /errorReport:prompt Kinect_Target_Recognition.cpp
         Kinect_Target_Recognition.cpp
     1>e:\research\mobile welding robot\control\kinect\kinect_target_recognition\kinect_target_recognition\ellipse.cpp(18): warning C4018: “<”: 有符号/无符号不匹配
     1>e:\research\mobile welding robot\control\kinect\kinect_target_recognition\kinect_target_recognition\ellipse.cpp(20): warning C4244: “=”: 从“int”转换到“float”，可能丢失数据
     1>e:\research\mobile welding robot\control\kinect\kinect_target_recognition\kinect_target_recognition\ellipse.cpp(21): warning C4244: “=”: 从“int”转换到“float”，可能丢失数据
     1>e:\research\mobile welding robot\control\kinect\kinect_target_recognition\kinect_target_recognition\ellipse.cpp(26): warning C4244: “=”: 从“double”转换到“float”，可能丢失数据
     1>e:\research\mobile welding robot\control\kinect\kinect_target_recognition\kinect_target_recognition\ellipse.cpp(40): warning C4244: “参数”: 从“double”转换到“int”，可能丢失数据
     1>e:\research\mobile welding robot\control\kinect\kinect_target_recognition\kinect_target_recognition\ellipse.cpp(42): warning C4018: “<”: 有符号/无符号不匹配
     1>e:\research\mobile welding robot\control\kinect\kinect_target_recognition\kinect_target_recognition\ellipse.cpp(50): warning C4244: “=”: 从“double”转换到“int”，可能丢失数据
     1>e:\research\mobile welding robot\control\kinect\kinect_target_recognition\kinect_target_recognition\ellipse.cpp(65): warning C4244: “return”: 从“double”转换到“int”，可能丢失数据
     1>e:\research\mobile welding robot\control\kinect\kinect_target_recognition\kinect_target_recognition\ellipse.cpp(83): warning C4244: “参数”: 从“double”转换到“int”，可能丢失数据
     1>e:\research\mobile welding robot\control\kinect\kinect_target_recognition\kinect_target_recognition\kinect_target_recognition.cpp(428): warning C4018: “<”: 有符号/无符号不匹配
     1>e:\research\mobile welding robot\control\kinect\kinect_target_recognition\kinect_target_recognition\kinect_target_recognition.cpp(441): warning C4018: “<”: 有符号/无符号不匹配
     1>e:\research\mobile welding robot\control\kinect\kinect_target_recognition\kinect_target_recognition\kinect_target_recognition.cpp(671): warning C4244: “参数”: 从“double”转换到“unsigned int”，可能丢失数据
       Link:
         C:\Program Files (x86)\Microsoft Visual Studio 14.0\VC\bin\link.exe /ERRORREPORT:PROMPT /OUT:"E:\RESEARCH\mobile welding robot\control\Kinect\Kinect_Target_Recognition\Debug\Kinect_Target_Recognition.exe" /INCREMENTAL /NOLOGO /LIBPATH:"E:\RESEARCH\mobile welding robot\control\Kinect\Kinect_ImagePorcess_Runtime\lib\x86" opencv_calib3d2413d.lib opencv_contrib2413d.lib opencv_core2413d.lib opencv_features2d2413d.lib opencv_flann2413d.lib opencv_gpu2413d.lib opencv_haartraining_engined.lib opencv_highgui2413d.lib opencv_imgproc2413d.lib opencv_legacy2413d.lib opencv_ml2413d.lib opencv_nonfree2413d.lib opencv_objdetect2413d.lib opencv_ocl2413d.lib opencv_photo2413d.lib opencv_stitching2413d.lib opencv_superres2413d.lib opencv_ts2413d.lib opencv_video2413d.lib opencv_videostab2413d.lib kinect10.lib kernel32.lib user32.lib gdi32.lib winspool.lib comdlg32.lib advapi32.lib shell32.lib ole32.lib oleaut32.lib uuid.lib odbc32.lib odbccp32.lib /MANIFEST /MANIFESTUAC:"level='asInvoker' uiAccess='false'" /manifest:embed /Debug /PDB:"E:\RESEARCH\mobile welding robot\control\Kinect\Kinect_Target_Recognition\Debug\Kinect_Target_Recognition.pdb" /SUBSYSTEM:CONSOLE /TLBID:1 /DYNAMICBASE /NXCOMPAT /IMPLIB:"E:\RESEARCH\mobile welding robot\control\Kinect\Kinect_Target_Recognition\Debug\Kinect_Target_Recognition.lib" /MACHINE:X86 Debug\Ellipse.obj
         Debug\Kinect_Target_Recognition.obj
         Debug\stdafx.obj
         Kinect_Target_Recognition.vcxproj -> E:\RESEARCH\mobile welding robot\control\Kinect\Kinect_Target_Recognition\Debug\Kinect_Target_Recognition.exe
     1>已完成生成项目“E:\RESEARCH\mobile welding robot\control\Kinect\Kinect_Target_Recognition\Kinect_Target_Recognition\Kinect_Target_Recognition.vcxproj”(Build 个目标)的操作。

已成功生成。

已用时间 00:00:02.69
