e:\research\mobile welding robot\control\kinect\kinect_opencv_imageprocess\kinect_opencv_imageprocess\debug\kinect_opencv_imageprocess.pch.codeanalysis
e:\research\mobile welding robot\control\kinect\kinect_opencv_imageprocess\kinect_opencv_imageprocess\debug\vc140.pdb
e:\research\mobile welding robot\control\kinect\kinect_opencv_imageprocess\kinect_opencv_imageprocess\debug\vc140.idb
e:\research\mobile welding robot\control\kinect\kinect_opencv_imageprocess\kinect_opencv_imageprocess\debug\kinect_opencv_imageprocess.pch.codeanalysisast
e:\research\mobile welding robot\control\kinect\kinect_opencv_imageprocess\kinect_opencv_imageprocess\debug\stdafx.nativecodeanalysis.xml
e:\research\mobile welding robot\control\kinect\kinect_opencv_imageprocess\kinect_opencv_imageprocess\debug\stdafx.obj
e:\research\mobile welding robot\control\kinect\kinect_opencv_imageprocess\kinect_opencv_imageprocess\debug\kinect_opencv_imageprocess.pch
e:\research\mobile welding robot\control\kinect\kinect_opencv_imageprocess\kinect_opencv_imageprocess\debug\main.nativecodeanalysis.xml
e:\research\mobile welding robot\control\kinect\kinect_opencv_imageprocess\kinect_opencv_imageprocess\debug\main.obj
e:\research\mobile welding robot\control\kinect\kinect_opencv_imageprocess\debug\kinect_opencv_imageprocess.ilk
e:\research\mobile welding robot\control\kinect\kinect_opencv_imageprocess\debug\kinect_opencv_imageprocess.exe
e:\research\mobile welding robot\control\kinect\kinect_opencv_imageprocess\debug\kinect_opencv_imageprocess.pdb
e:\research\mobile welding robot\control\kinect\kinect_opencv_imageprocess\kinect_opencv_imageprocess\debug\nativecodeanalysis.read.1.tlog
e:\research\mobile welding robot\control\kinect\kinect_opencv_imageprocess\kinect_opencv_imageprocess\debug\vc.nativecodeanalysis.all.xml
e:\research\mobile welding robot\control\kinect\kinect_opencv_imageprocess\debug\kinect_opencv_imageprocess.exe.lastcodeanalysissucceeded
e:\research\mobile welding robot\control\kinect\kinect_opencv_imageprocess\kinect_opencv_imageprocess\debug\kinect_o.1c1614fc.tlog\cl.command.1.tlog
e:\research\mobile welding robot\control\kinect\kinect_opencv_imageprocess\kinect_opencv_imageprocess\debug\kinect_o.1c1614fc.tlog\cl.read.1.tlog
e:\research\mobile welding robot\control\kinect\kinect_opencv_imageprocess\kinect_opencv_imageprocess\debug\kinect_o.1c1614fc.tlog\cl.write.1.tlog
e:\research\mobile welding robot\control\kinect\kinect_opencv_imageprocess\kinect_opencv_imageprocess\debug\kinect_o.1c1614fc.tlog\link.command.1.tlog
e:\research\mobile welding robot\control\kinect\kinect_opencv_imageprocess\kinect_opencv_imageprocess\debug\kinect_o.1c1614fc.tlog\link.read.1.tlog
e:\research\mobile welding robot\control\kinect\kinect_opencv_imageprocess\kinect_opencv_imageprocess\debug\kinect_o.1c1614fc.tlog\link.write.1.tlog
