生成启动时间为 2017/6/22 21:02:02。
     1>项目“E:\RESEARCH\mobile welding robot\control\Kinect\Kinect_ImagePorcess_Runtime\Kinect_ImagePorcess_Runtime\Kinect_ImagePorcess_Runtime.vcxproj”在节点 2 上(Build 个目标)。
     1>ClCompile:
         C:\Program Files (x86)\Microsoft Visual Studio 14.0\VC\bin\CL.exe /c /I"E:\RESEARCH\mobile welding robot\control\Kinect\Kinect_ImagePorcess_Runtime\inc" /Zi /nologo /W3 /WX- /sdl /O2 /Oi /Oy- /GL /D WIN32 /D NDEBUG /D _CONSOLE /D _CRT_SECURE_NO_WARNINGS /D _SCL_SECURE_NO_WARNINGS /D _CRT_SECURE_NO_WARNINGS /D _UNICODE /D UNICODE /Gm- /EHsc /MD /GS /Gy /fp:precise /Zc:wchar_t /Zc:forScope /Zc:inline /Yc"stdafx.h" /Fp"Release\Kinect_ImagePorcess_Runtime.pch" /Fo"Release\\" /Fd"Release\vc140.pdb" /Gd /TP /analyze- /errorReport:prompt stdafx.cpp
         stdafx.cpp
         C:\Program Files (x86)\Microsoft Visual Studio 14.0\VC\bin\CL.exe /c /I"E:\RESEARCH\mobile welding robot\control\Kinect\Kinect_ImagePorcess_Runtime\inc" /Zi /nologo /W3 /WX- /sdl /O2 /Oi /Oy- /GL /D WIN32 /D NDEBUG /D _CONSOLE /D _CRT_SECURE_NO_WARNINGS /D _SCL_SECURE_NO_WARNINGS /D _CRT_SECURE_NO_WARNINGS /D _UNICODE /D UNICODE /Gm- /EHsc /MD /GS /Gy /fp:precise /Zc:wchar_t /Zc:forScope /Zc:inline /Yu"stdafx.h" /Fp"Release\Kinect_ImagePorcess_Runtime.pch" /Fo"Release\\" /Fd"Release\vc140.pdb" /Gd /TP /analyze- /errorReport:prompt Kinect_ImagePorcess_Runtime.cpp
         Kinect_ImagePorcess_Runtime.cpp
     1>E:\RESEARCH\mobile welding robot\control\Kinect\Kinect_ImagePorcess_Runtime\inc\nuiapi.h(46): error C2144: 语法错误:“int”的前面应有“;”
     1>E:\RESEARCH\mobile welding robot\control\Kinect\Kinect_ImagePorcess_Runtime\inc\nuiapi.h(46): error C4430: 缺少类型说明符 - 假定为 int。注意: C++ 不支持默认 int
     1>E:\RESEARCH\mobile welding robot\control\Kinect\Kinect_ImagePorcess_Runtime\inc\nuiapi.h(46): error C2146: 语法错误: 缺少“;”(在标识符“NuiInitialize”的前面)
     1>E:\RESEARCH\mobile welding robot\control\Kinect\Kinect_ImagePorcess_Runtime\inc\nuiapi.h(47): error C2065: “DWORD”: 未声明的标识符
     1>E:\RESEARCH\mobile welding robot\control\Kinect\Kinect_ImagePorcess_Runtime\inc\nuiapi.h(48): error C2146: 语法错误: 缺少“)”(在标识符“dwFlags”的前面)
     1>E:\RESEARCH\mobile welding robot\control\Kinect\Kinect_ImagePorcess_Runtime\inc\nuiapi.h(53): error C2144: 语法错误:“int”的前面应有“;”
     1>E:\RESEARCH\mobile welding robot\control\Kinect\Kinect_ImagePorcess_Runtime\inc\nuiapi.h(53): error C4430: 缺少类型说明符 - 假定为 int。注意: C++ 不支持默认 int
     1>E:\RESEARCH\mobile welding robot\control\Kinect\Kinect_ImagePorcess_Runtime\inc\nuiapi.h(53): error C2146: 语法错误: 缺少“;”(在标识符“NuiShutdown”的前面)
     1>E:\RESEARCH\mobile welding robot\control\Kinect\Kinect_ImagePorcess_Runtime\inc\nuiapi.h(54): error C4430: 缺少类型说明符 - 假定为 int。注意: C++ 不支持默认 int
     1>E:\RESEARCH\mobile welding robot\control\Kinect\Kinect_ImagePorcess_Runtime\inc\nuiapi.h(77): error C2065: “SEVERITY_ERROR”: 未声明的标识符
     1>E:\RESEARCH\mobile welding robot\control\Kinect\Kinect_ImagePorcess_Runtime\inc\nuiapi.h(77): error C3861: “MAKE_HRESULT”: 找不到标识符
     1>C:\Program Files (x86)\Windows Kits\8.1\Include\um\winnt.h(604): error C2378: “HRESULT”: 重定义；符号不能由 typedef 重载
         E:\RESEARCH\mobile welding robot\control\Kinect\Kinect_ImagePorcess_Runtime\inc\nuiapi.h(46): note: 参见“HRESULT”的声明
     1>C:\Program Files (x86)\Windows Kits\8.1\Include\um\bemapiset.h(50): error C2143: 语法错误: 缺少“;”(在“__stdcall”的前面)
     1>C:\Program Files (x86)\Windows Kits\8.1\Include\um\bemapiset.h(50): error C4430: 缺少类型说明符 - 假定为 int。注意: C++ 不支持默认 int
     1>C:\Program Files (x86)\Windows Kits\8.1\Include\um\bemapiset.h(50): error C2086: “int HRESULT”: 重定义
         E:\RESEARCH\mobile welding robot\control\Kinect\Kinect_ImagePorcess_Runtime\inc\nuiapi.h(46): note: 参见“HRESULT”的声明
     1>C:\Program Files (x86)\Windows Kits\8.1\Include\um\bemapiset.h(56): error C4430: 缺少类型说明符 - 假定为 int。注意: C++ 不支持默认 int
     1>C:\Program Files (x86)\Windows Kits\8.1\Include\um\bemapiset.h(60): error C2143: 语法错误: 缺少“;”(在“__stdcall”的前面)
     1>C:\Program Files (x86)\Windows Kits\8.1\Include\um\bemapiset.h(60): error C4430: 缺少类型说明符 - 假定为 int。注意: C++ 不支持默认 int
     1>C:\Program Files (x86)\Windows Kits\8.1\Include\um\bemapiset.h(60): error C2086: “int HRESULT”: 重定义
         E:\RESEARCH\mobile welding robot\control\Kinect\Kinect_ImagePorcess_Runtime\inc\nuiapi.h(46): note: 参见“HRESULT”的声明
     1>C:\Program Files (x86)\Windows Kits\8.1\Include\um\bemapiset.h(67): error C4430: 缺少类型说明符 - 假定为 int。注意: C++ 不支持默认 int
     1>C:\Program Files (x86)\Windows Kits\8.1\Include\um\bemapiset.h(71): error C2143: 语法错误: 缺少“;”(在“__stdcall”的前面)
     1>C:\Program Files (x86)\Windows Kits\8.1\Include\um\bemapiset.h(71): error C4430: 缺少类型说明符 - 假定为 int。注意: C++ 不支持默认 int
     1>C:\Program Files (x86)\Windows Kits\8.1\Include\um\bemapiset.h(71): error C2086: “int HRESULT”: 重定义
         E:\RESEARCH\mobile welding robot\control\Kinect\Kinect_ImagePorcess_Runtime\inc\nuiapi.h(46): note: 参见“HRESULT”的声明
     1>C:\Program Files (x86)\Windows Kits\8.1\Include\um\bemapiset.h(75): error C4430: 缺少类型说明符 - 假定为 int。注意: C++ 不支持默认 int
     1>C:\Program Files (x86)\Windows Kits\8.1\Include\um\winbase.h(5270): error C3646: “hrFailure”: 未知重写说明符
     1>C:\Program Files (x86)\Windows Kits\8.1\Include\um\winbase.h(5270): error C4430: 缺少类型说明符 - 假定为 int。注意: C++ 不支持默认 int
     1>C:\Program Files (x86)\Windows Kits\8.1\Include\um\winbase.h(5299): error C2143: 语法错误: 缺少“;”(在“__stdcall”的前面)
     1>C:\Program Files (x86)\Windows Kits\8.1\Include\um\winbase.h(5299): error C4430: 缺少类型说明符 - 假定为 int。注意: C++ 不支持默认 int
     1>C:\Program Files (x86)\Windows Kits\8.1\Include\um\winbase.h(5299): error C2370: “HRESULT”: 重定义；不同的存储类
         E:\RESEARCH\mobile welding robot\control\Kinect\Kinect_ImagePorcess_Runtime\inc\nuiapi.h(46): note: 参见“HRESULT”的声明
     1>C:\Program Files (x86)\Windows Kits\8.1\Include\um\winbase.h(5304): error C4430: 缺少类型说明符 - 假定为 int。注意: C++ 不支持默认 int
     1>C:\Program Files (x86)\Windows Kits\8.1\Include\shared\winerror.h(26297): error C2433: “HRESULT”: 不允许在数据声明中使用“__forceinline”
     1>C:\Program Files (x86)\Windows Kits\8.1\Include\shared\winerror.h(26297): error C4430: 缺少类型说明符 - 假定为 int。注意: C++ 不支持默认 int
     1>C:\Program Files (x86)\Windows Kits\8.1\Include\shared\winerror.h(26297): error C2086: “int HRESULT”: 重定义
         E:\RESEARCH\mobile welding robot\control\Kinect\Kinect_ImagePorcess_Runtime\inc\nuiapi.h(46): note: 参见“HRESULT”的声明
     1>C:\Program Files (x86)\Windows Kits\8.1\Include\shared\winerror.h(26297): error C2146: 语法错误: 缺少“;”(在标识符“HRESULT_FROM_WIN32”的前面)
     1>C:\Program Files (x86)\Windows Kits\8.1\Include\um\winbase.h(8122): error C2143: 语法错误: 缺少“;”(在“__stdcall”的前面)
     1>C:\Program Files (x86)\Windows Kits\8.1\Include\um\winbase.h(8122): error C4430: 缺少类型说明符 - 假定为 int。注意: C++ 不支持默认 int
     1>C:\Program Files (x86)\Windows Kits\8.1\Include\um\winbase.h(8122): error C2370: “HRESULT”: 重定义；不同的存储类
         E:\RESEARCH\mobile welding robot\control\Kinect\Kinect_ImagePorcess_Runtime\inc\nuiapi.h(46): note: 参见“HRESULT”的声明
     1>C:\Program Files (x86)\Windows Kits\8.1\Include\um\winbase.h(8128): error C4430: 缺少类型说明符 - 假定为 int。注意: C++ 不支持默认 int
     1>C:\Program Files (x86)\Windows Kits\8.1\Include\um\winbase.h(8132): error C2143: 语法错误: 缺少“;”(在“__stdcall”的前面)
     1>C:\Program Files (x86)\Windows Kits\8.1\Include\um\winbase.h(8132): error C4430: 缺少类型说明符 - 假定为 int。注意: C++ 不支持默认 int
     1>C:\Program Files (x86)\Windows Kits\8.1\Include\um\winbase.h(8132): error C2370: “HRESULT”: 重定义；不同的存储类
         E:\RESEARCH\mobile welding robot\control\Kinect\Kinect_ImagePorcess_Runtime\inc\nuiapi.h(46): note: 参见“HRESULT”的声明
     1>C:\Program Files (x86)\Windows Kits\8.1\Include\um\winbase.h(8133): error C4430: 缺少类型说明符 - 假定为 int。注意: C++ 不支持默认 int
     1>C:\Program Files (x86)\Windows Kits\8.1\Include\um\winbase.h(8137): error C2143: 语法错误: 缺少“;”(在“__stdcall”的前面)
     1>C:\Program Files (x86)\Windows Kits\8.1\Include\um\winbase.h(8137): error C4430: 缺少类型说明符 - 假定为 int。注意: C++ 不支持默认 int
     1>C:\Program Files (x86)\Windows Kits\8.1\Include\um\winbase.h(8137): error C2370: “HRESULT”: 重定义；不同的存储类
         E:\RESEARCH\mobile welding robot\control\Kinect\Kinect_ImagePorcess_Runtime\inc\nuiapi.h(46): note: 参见“HRESULT”的声明
     1>C:\Program Files (x86)\Windows Kits\8.1\Include\um\winbase.h(8141): error C4430: 缺少类型说明符 - 假定为 int。注意: C++ 不支持默认 int
     1>C:\Program Files (x86)\Windows Kits\8.1\Include\um\winbase.h(8145): error C2143: 语法错误: 缺少“;”(在“__stdcall”的前面)
     1>C:\Program Files (x86)\Windows Kits\8.1\Include\um\winbase.h(8145): error C4430: 缺少类型说明符 - 假定为 int。注意: C++ 不支持默认 int
     1>C:\Program Files (x86)\Windows Kits\8.1\Include\um\winbase.h(8145): error C2370: “HRESULT”: 重定义；不同的存储类
         E:\RESEARCH\mobile welding robot\control\Kinect\Kinect_ImagePorcess_Runtime\inc\nuiapi.h(46): note: 参见“HRESULT”的声明
     1>C:\Program Files (x86)\Windows Kits\8.1\Include\um\winbase.h(8146): error C4430: 缺少类型说明符 - 假定为 int。注意: C++ 不支持默认 int
     1>C:\Program Files (x86)\Windows Kits\8.1\Include\um\winbase.h(8150): error C2143: 语法错误: 缺少“;”(在“__stdcall”的前面)
     1>C:\Program Files (x86)\Windows Kits\8.1\Include\um\winbase.h(8150): error C4430: 缺少类型说明符 - 假定为 int。注意: C++ 不支持默认 int
     1>C:\Program Files (x86)\Windows Kits\8.1\Include\um\winbase.h(8150): error C2370: “HRESULT”: 重定义；不同的存储类
         E:\RESEARCH\mobile welding robot\control\Kinect\Kinect_ImagePorcess_Runtime\inc\nuiapi.h(46): note: 参见“HRESULT”的声明
     1>C:\Program Files (x86)\Windows Kits\8.1\Include\um\winbase.h(8157): error C4430: 缺少类型说明符 - 假定为 int。注意: C++ 不支持默认 int
     1>C:\Program Files (x86)\Windows Kits\8.1\Include\um\winbase.h(8161): error C2143: 语法错误: 缺少“;”(在“__stdcall”的前面)
     1>C:\Program Files (x86)\Windows Kits\8.1\Include\um\winbase.h(8161): error C4430: 缺少类型说明符 - 假定为 int。注意: C++ 不支持默认 int
     1>C:\Program Files (x86)\Windows Kits\8.1\Include\um\winbase.h(8161): error C2370: “HRESULT”: 重定义；不同的存储类
         E:\RESEARCH\mobile welding robot\control\Kinect\Kinect_ImagePorcess_Runtime\inc\nuiapi.h(46): note: 参见“HRESULT”的声明
     1>C:\Program Files (x86)\Windows Kits\8.1\Include\um\winbase.h(8167): error C4430: 缺少类型说明符 - 假定为 int。注意: C++ 不支持默认 int
     1>C:\Program Files (x86)\Windows Kits\8.1\Include\um\winbase.h(8171): error C2143: 语法错误: 缺少“;”(在“__stdcall”的前面)
     1>C:\Program Files (x86)\Windows Kits\8.1\Include\um\winbase.h(8171): error C4430: 缺少类型说明符 - 假定为 int。注意: C++ 不支持默认 int
     1>C:\Program Files (x86)\Windows Kits\8.1\Include\um\winbase.h(8171): error C2370: “HRESULT”: 重定义；不同的存储类
         E:\RESEARCH\mobile welding robot\control\Kinect\Kinect_ImagePorcess_Runtime\inc\nuiapi.h(46): note: 参见“HRESULT”的声明
     1>C:\Program Files (x86)\Windows Kits\8.1\Include\um\winbase.h(8174): error C4430: 缺少类型说明符 - 假定为 int。注意: C++ 不支持默认 int
     1>C:\Program Files (x86)\Windows Kits\8.1\Include\um\shellapi.h(523): error C2143: 语法错误: 缺少“;”(在“__stdcall”的前面)
     1>C:\Program Files (x86)\Windows Kits\8.1\Include\um\shellapi.h(523): error C4430: 缺少类型说明符 - 假定为 int。注意: C++ 不支持默认 int
     1>C:\Program Files (x86)\Windows Kits\8.1\Include\um\shellapi.h(523): error C2370: “HRESULT”: 重定义；不同的存储类
         E:\RESEARCH\mobile welding robot\control\Kinect\Kinect_ImagePorcess_Runtime\inc\nuiapi.h(46): note: 参见“HRESULT”的声明
     1>C:\Program Files (x86)\Windows Kits\8.1\Include\um\shellapi.h(886): error C2143: 语法错误: 缺少“;”(在“__stdcall”的前面)
     1>C:\Program Files (x86)\Windows Kits\8.1\Include\um\shellapi.h(886): error C4430: 缺少类型说明符 - 假定为 int。注意: C++ 不支持默认 int
     1>C:\Program Files (x86)\Windows Kits\8.1\Include\um\shellapi.h(886): error C2370: “HRESULT”: 重定义；不同的存储类
         E:\RESEARCH\mobile welding robot\control\Kinect\Kinect_ImagePorcess_Runtime\inc\nuiapi.h(46): note: 参见“HRESULT”的声明
     1>C:\Program Files (x86)\Windows Kits\8.1\Include\um\shellapi.h(951): error C2143: 语法错误: 缺少“;”(在“__stdcall”的前面)
     1>C:\Program Files (x86)\Windows Kits\8.1\Include\um\shellapi.h(951): error C4430: 缺少类型说明符 - 假定为 int。注意: C++ 不支持默认 int
     1>C:\Program Files (x86)\Windows Kits\8.1\Include\um\shellapi.h(951): error C2370: “HRESULT”: 重定义；不同的存储类
         E:\RESEARCH\mobile welding robot\control\Kinect\Kinect_ImagePorcess_Runtime\inc\nuiapi.h(46): note: 参见“HRESULT”的声明
     1>C:\Program Files (x86)\Windows Kits\8.1\Include\um\shellapi.h(952): error C2143: 语法错误: 缺少“;”(在“__stdcall”的前面)
     1>C:\Program Files (x86)\Windows Kits\8.1\Include\um\shellapi.h(952): error C4430: 缺少类型说明符 - 假定为 int。注意: C++ 不支持默认 int
     1>C:\Program Files (x86)\Windows Kits\8.1\Include\um\shellapi.h(952): error C2370: “HRESULT”: 重定义；不同的存储类
         E:\RESEARCH\mobile welding robot\control\Kinect\Kinect_ImagePorcess_Runtime\inc\nuiapi.h(46): note: 参见“HRESULT”的声明
     1>C:\Program Files (x86)\Windows Kits\8.1\Include\um\shellapi.h(958): error C2143: 语法错误: 缺少“;”(在“__stdcall”的前面)
     1>C:\Program Files (x86)\Windows Kits\8.1\Include\um\shellapi.h(958): error C4430: 缺少类型说明符 - 假定为 int。注意: C++ 不支持默认 int
     1>C:\Program Files (x86)\Windows Kits\8.1\Include\um\shellapi.h(958): error C2370: “HRESULT”: 重定义；不同的存储类
         E:\RESEARCH\mobile welding robot\control\Kinect\Kinect_ImagePorcess_Runtime\inc\nuiapi.h(46): note: 参见“HRESULT”的声明
     1>C:\Program Files (x86)\Windows Kits\8.1\Include\um\shellapi.h(959): error C2143: 语法错误: 缺少“;”(在“__stdcall”的前面)
     1>C:\Program Files (x86)\Windows Kits\8.1\Include\um\shellapi.h(959): error C4430: 缺少类型说明符 - 假定为 int。注意: C++ 不支持默认 int
     1>C:\Program Files (x86)\Windows Kits\8.1\Include\um\shellapi.h(959): error C2370: “HRESULT”: 重定义；不同的存储类
         E:\RESEARCH\mobile welding robot\control\Kinect\Kinect_ImagePorcess_Runtime\inc\nuiapi.h(46): note: 参见“HRESULT”的声明
     1>C:\Program Files (x86)\Windows Kits\8.1\Include\um\shellapi.h(991): error C2143: 语法错误: 缺少“;”(在“__stdcall”的前面)
     1>C:\Program Files (x86)\Windows Kits\8.1\Include\um\shellapi.h(991): error C4430: 缺少类型说明符 - 假定为 int。注意: C++ 不支持默认 int
     1>C:\Program Files (x86)\Windows Kits\8.1\Include\um\shellapi.h(991): error C2370: “HRESULT”: 重定义；不同的存储类
         E:\RESEARCH\mobile welding robot\control\Kinect\Kinect_ImagePorcess_Runtime\inc\nuiapi.h(46): note: 参见“HRESULT”的声明
     1>C:\Program Files (x86)\Windows Kits\8.1\Include\um\shellapi.h(996): error C2143: 语法错误: 缺少“;”(在“__stdcall”的前面)
     1>C:\Program Files (x86)\Windows Kits\8.1\Include\um\shellapi.h(996): error C4430: 缺少类型说明符 - 假定为 int。注意: C++ 不支持默认 int
     1>C:\Program Files (x86)\Windows Kits\8.1\Include\um\shellapi.h(996): error C2370: “HRESULT”: 重定义；不同的存储类
         E:\RESEARCH\mobile welding robot\control\Kinect\Kinect_ImagePorcess_Runtime\inc\nuiapi.h(46): note: 参见“HRESULT”的声明
     1>C:\Program Files (x86)\Windows Kits\8.1\Include\um\shellapi.h(1180): error C2143: 语法错误: 缺少“;”(在“__stdcall”的前面)
     1>C:\Program Files (x86)\Windows Kits\8.1\Include\um\shellapi.h(1180): error C4430: 缺少类型说明符 - 假定为 int。注意: C++ 不支持默认 int
     1>C:\Program Files (x86)\Windows Kits\8.1\Include\um\shellapi.h(1180): error C2370: “HRESULT”: 重定义；不同的存储类
         E:\RESEARCH\mobile welding robot\control\Kinect\Kinect_ImagePorcess_Runtime\inc\nuiapi.h(46): note: 参见“HRESULT”的声明
     1>C:\Program Files (x86)\Windows Kits\8.1\Include\um\shellapi.h(1393): error C2143: 语法错误: 缺少“;”(在“__stdcall”的前面)
     1>C:\Program Files (x86)\Windows Kits\8.1\Include\um\shellapi.h(1393): error C4430: 缺少类型说明符 - 假定为 int。注意: C++ 不支持默认 int
     1>C:\Program Files (x86)\Windows Kits\8.1\Include\um\shellapi.h(1393): error C2370: “HRESULT”: 重定义；不同的存储类
         E:\RESEARCH\mobile welding robot\control\Kinect\Kinect_ImagePorcess_Runtime\inc\nuiapi.h(46): note: 参见“HRESULT”的声明
     1>C:\Program Files (x86)\Windows Kits\8.1\Include\um\shellapi.h(1498): error C2143: 语法错误: 缺少“;”(在“__stdcall”的前面)
     1>C:\Program Files (x86)\Windows Kits\8.1\Include\um\shellapi.h(1498): error C4430: 缺少类型说明符 - 假定为 int。注意: C++ 不支持默认 int
     1>C:\Program Files (x86)\Windows Kits\8.1\Include\um\shellapi.h(1498): error C2370: “HRESULT”: 重定义；不同的存储类
         E:\RESEARCH\mobile welding robot\control\Kinect\Kinect_ImagePorcess_Runtime\inc\nuiapi.h(46): note: 参见“HRESULT”的声明
     1>C:\Program Files (x86)\Windows Kits\8.1\Include\um\shellapi.h(1519): error C2143: 语法错误: 缺少“;”(在“__stdcall”的前面)
     1>C:\Program Files (x86)\Windows Kits\8.1\Include\um\shellapi.h(1519): error C4430: 缺少类型说明符 - 假定为 int。注意: C++ 不支持默认 int
     1>C:\Program Files (x86)\Windows Kits\8.1\Include\um\shellapi.h(1519): error C2370: “HRESULT”: 重定义；不同的存储类
         E:\RESEARCH\mobile welding robot\control\Kinect\Kinect_ImagePorcess_Runtime\inc\nuiapi.h(46): note: 参见“HRESULT”的声明
     1>C:\Program Files (x86)\Windows Kits\8.1\Include\um\shellapi.h(1532): error C2143: 语法错误: 缺少“;”(在“__stdcall”的前面)
     1>C:\Program Files (x86)\Windows Kits\8.1\Include\um\shellapi.h(1532): error C4430: 缺少类型说明符 - 假定为 int。注意: C++ 不支持默认 int
     1>C:\Program Files (x86)\Windows Kits\8.1\Include\um\shellapi.h(1532): error C2370: “HRESULT”: 重定义；不同的存储类
         E:\RESEARCH\mobile welding robot\control\Kinect\Kinect_ImagePorcess_Runtime\inc\nuiapi.h(46): note: 参见“HRESULT”的声明
     1>C:\Program Files (x86)\Windows Kits\8.1\Include\um\shellapi.h(1537): error C2143: 语法错误: 缺少“;”(在“__stdcall”的前面)
     1>C:\Program Files (x86)\Windows Kits\8.1\Include\um\shellapi.h(1537): error C4430: 缺少类型说明符 - 假定为 int。注意: C++ 不支持默认 int
     1>C:\Program Files (x86)\Windows Kits\8.1\Include\um\shellapi.h(1537): error C2370: “HRESULT”: 重定义；不同的存储类
         E:\RESEARCH\mobile welding robot\control\Kinect\Kinect_ImagePorcess_Runtime\inc\nuiapi.h(46): note: 参见“HRESULT”的声明
     1>C:\Program Files (x86)\Windows Kits\8.1\Include\um\shellapi.h(1539): error C2143: 语法错误: 缺少“;”(在“__stdcall”的前面)
     1>C:\Program Files (x86)\Windows Kits\8.1\Include\um\shellapi.h(1539): error C4430: 缺少类型说明符 - 假定为 int。注意: C++ 不支持默认 int
     1>C:\Program Files (x86)\Windows Kits\8.1\Include\um\shellapi.h(1539): error C2370: “HRESULT”: 重定义；不同的存储类
         E:\RESEARCH\mobile welding robot\control\Kinect\Kinect_ImagePorcess_Runtime\inc\nuiapi.h(46): note: 参见“HRESULT”的声明
     1>C:\Program Files (x86)\Windows Kits\8.1\Include\um\shellapi.h(1599): error C2143: 语法错误: 缺少“;”(在“__stdcall”的前面)
     1>C:\Program Files (x86)\Windows Kits\8.1\Include\um\shellapi.h(1599): error C4430: 缺少类型说明符 - 假定为 int。注意: C++ 不支持默认 int
     1>C:\Program Files (x86)\Windows Kits\8.1\Include\um\shellapi.h(1600): error C2143: 语法错误: 缺少“;”(在“__stdcall”的前面)
     1>C:\Program Files (x86)\Windows Kits\8.1\Include\um\shellapi.h(1600): error C4430: 缺少类型说明符 - 假定为 int。注意: C++ 不支持默认 int
     1>C:\Program Files (x86)\Windows Kits\8.1\Include\um\shellapi.h(1606): error C2143: 语法错误: 缺少“;”(在“__stdcall”的前面)
     1>C:\Program Files (x86)\Windows Kits\8.1\Include\um\shellapi.h(1606): error C4430: 缺少类型说明符 - 假定为 int。注意: C++ 不支持默认 int
     1>C:\Program Files (x86)\Windows Kits\8.1\Include\um\shellapi.h(1607): error C2143: 语法错误: 缺少“;”(在“__stdcall”的前面)
     1>C:\Program Files (x86)\Windows Kits\8.1\Include\um\shellapi.h(1607): error C4430: 缺少类型说明符 - 假定为 int。注意: C++ 不支持默认 int
     1>C:\Program Files (x86)\Windows Kits\8.1\Include\um\shellapi.h(1613): error C2143: 语法错误: 缺少“;”(在“__stdcall”的前面)
     1>C:\Program Files (x86)\Windows Kits\8.1\Include\um\shellapi.h(1613): error C4430: 缺少类型说明符 - 假定为 int。注意: C++ 不支持默认 int
     1>C:\Program Files (x86)\Windows Kits\8.1\Include\um\shellapi.h(1614): error C2143: 语法错误: 缺少“;”(在“__stdcall”的前面)
     1>C:\Program Files (x86)\Windows Kits\8.1\Include\um\shellapi.h(1614): error C4430: 缺少类型说明符 - 假定为 int。注意: C++ 不支持默认 int
     1>C:\Program Files (x86)\Windows Kits\8.1\Include\um\shellapi.h(1630): error C2143: 语法错误: 缺少“;”(在“__stdcall”的前面)
     1>C:\Program Files (x86)\Windows Kits\8.1\Include\um\shellapi.h(1630): error C4430: 缺少类型说明符 - 假定为 int。注意: C++ 不支持默认 int
     1>C:\Program Files (x86)\Windows Kits\8.1\Include\um\shellapi.h(1630): error C2370: “HRESULT”: 重定义；不同的存储类
         C:\Program Files (x86)\Windows Kits\8.1\Include\um\shellapi.h(1614): note: 参见“HRESULT”的声明
     1>C:\Program Files (x86)\Windows Kits\8.1\Include\um\shellapi.h(1648): error C2059: 语法错误:“__stdcall”
     1>C:\Program Files (x86)\Windows Kits\8.1\Include\um\shellapi.h(1649): error C2059: 语法错误:“__stdcall”
     1>C:\Program Files (x86)\Windows Kits\8.1\Include\um\shellapi.h(1719): error C2143: 语法错误: 缺少“;”(在“__stdcall”的前面)
     1>C:\Program Files (x86)\Windows Kits\8.1\Include\um\shellapi.h(1719): error C4430: 缺少类型说明符 - 假定为 int。注意: C++ 不支持默认 int
     1>C:\Program Files (x86)\Windows Kits\8.1\Include\um\wincrypt.h(16633): error C2143: 语法错误: 缺少“;”(在“__stdcall”的前面)
     1>C:\Program Files (x86)\Windows Kits\8.1\Include\um\wincrypt.h(16633): error C4430: 缺少类型说明符 - 假定为 int。注意: C++ 不支持默认 int
     1>C:\Program Files (x86)\Windows Kits\8.1\Include\um\wincrypt.h(16633): error C2086: “int HRESULT”: 重定义
         C:\Program Files (x86)\Windows Kits\8.1\Include\um\shellapi.h(1719): note: 参见“HRESULT”的声明
     1>C:\Program Files (x86)\Windows Kits\8.1\Include\um\wincrypt.h(16643): error C4430: 缺少类型说明符 - 假定为 int。注意: C++ 不支持默认 int
     1>C:\Program Files (x86)\Windows Kits\8.1\Include\um\winspool.h(3464): error C2143: 语法错误: 缺少“;”(在“__stdcall”的前面)
     1>C:\Program Files (x86)\Windows Kits\8.1\Include\um\winspool.h(3464): error C4430: 缺少类型说明符 - 假定为 int。注意: C++ 不支持默认 int
     1>C:\Program Files (x86)\Windows Kits\8.1\Include\um\winspool.h(3464): error C2086: “int HRESULT”: 重定义
         C:\Program Files (x86)\Windows Kits\8.1\Include\um\shellapi.h(1719): note: 参见“HRESULT”的声明
     1>C:\Program Files (x86)\Windows Kits\8.1\Include\um\winspool.h(3471): error C4430: 缺少类型说明符 - 假定为 int。注意: C++ 不支持默认 int
     1>C:\Program Files (x86)\Windows Kits\8.1\Include\um\winspool.h(3473): error C2143: 语法错误: 缺少“;”(在“__stdcall”的前面)
     1>C:\Program Files (x86)\Windows Kits\8.1\Include\um\winspool.h(3473): error C4430: 缺少类型说明符 - 假定为 int。注意: C++ 不支持默认 int
     1>C:\Program Files (x86)\Windows Kits\8.1\Include\um\winspool.h(3473): error C2086: “int HRESULT”: 重定义
         C:\Program Files (x86)\Windows Kits\8.1\Include\um\shellapi.h(1719): note: 参见“HRESULT”的声明
     1>C:\Program Files (x86)\Windows Kits\8.1\Include\um\winspool.h(3480): error C4430: 缺少类型说明符 - 假定为 int。注意: C++ 不支持默认 int
     1>C:\Program Files (x86)\Windows Kits\8.1\Include\um\winspool.h(3493): error C2143: 语法错误: 缺少“;”(在“__stdcall”的前面)
     1>C:\Program Files (x86)\Windows Kits\8.1\Include\um\winspool.h(3493): error C4430: 缺少类型说明符 - 假定为 int。注意: C++ 不支持默认 int
     1>C:\Program Files (x86)\Windows Kits\8.1\Include\um\winspool.h(3493): error C2086: “int HRESULT”: 重定义
         C:\Program Files (x86)\Windows Kits\8.1\Include\um\shellapi.h(1719): note: 参见“HRESULT”的声明
     1>C:\Program Files (x86)\Windows Kits\8.1\Include\um\winspool.h(3503): error C4430: 缺少类型说明符 - 假定为 int。注意: C++ 不支持默认 int
     1>C:\Program Files (x86)\Windows Kits\8.1\Include\um\winspool.h(3505): error C2143: 语法错误: 缺少“;”(在“__stdcall”的前面)
     1>C:\Program Files (x86)\Windows Kits\8.1\Include\um\winspool.h(3505): error C4430: 缺少类型说明符 - 假定为 int。注意: C++ 不支持默认 int
     1>C:\Program Files (x86)\Windows Kits\8.1\Include\um\winspool.h(3505): error C2086: “int HRESULT”: 重定义
         C:\Program Files (x86)\Windows Kits\8.1\Include\um\shellapi.h(1719): note: 参见“HRESULT”的声明
     1>C:\Program Files (x86)\Windows Kits\8.1\Include\um\winspool.h(3515): error C4430: 缺少类型说明符 - 假定为 int。注意: C++ 不支持默认 int
     1>C:\Program Files (x86)\Windows Kits\8.1\Include\um\winspool.h(3545): error C2143: 语法错误: 缺少“;”(在“__stdcall”的前面)
     1>C:\Program Files (x86)\Windows Kits\8.1\Include\um\winspool.h(3545): error C4430: 缺少类型说明符 - 假定为 int。注意: C++ 不支持默认 int
     1>C:\Program Files (x86)\Windows Kits\8.1\Include\um\winspool.h(3545): error C2086: “int HRESULT”: 重定义
         C:\Program Files (x86)\Windows Kits\8.1\Include\um\shellapi.h(1719): note: 参见“HRESULT”的声明
     1>C:\Program Files (x86)\Windows Kits\8.1\Include\um\winspool.h(3552): error C4430: 缺少类型说明符 - 假定为 int。注意: C++ 不支持默认 int
     1>C:\Program Files (x86)\Windows Kits\8.1\Include\um\winspool.h(3554): error C2143: 语法错误: 缺少“;”(在“__stdcall”的前面)
     1>C:\Program Files (x86)\Windows Kits\8.1\Include\um\winspool.h(3554): error C4430: 缺少类型说明符 - 假定为 int。注意: C++ 不支持默认 int
     1>C:\Program Files (x86)\Windows Kits\8.1\Include\um\winspool.h(3554): error C2086: “int HRESULT”: 重定义
         C:\Program Files (x86)\Windows Kits\8.1\Include\um\shellapi.h(1719): note: 参见“HRESULT”的声明
     1>C:\Program Files (x86)\Windows Kits\8.1\Include\um\winspool.h(3561): error C4430: 缺少类型说明符 - 假定为 int。注意: C++ 不支持默认 int
     1>C:\Program Files (x86)\Windows Kits\8.1\Include\um\winspool.h(3569): error C2143: 语法错误: 缺少“;”(在“__stdcall”的前面)
     1>C:\Program Files (x86)\Windows Kits\8.1\Include\um\winspool.h(3569): error C4430: 缺少类型说明符 - 假定为 int。注意: C++ 不支持默认 int
     1>C:\Program Files (x86)\Windows Kits\8.1\Include\um\winspool.h(3569): error C2086: “int HRESULT”: 重定义
         C:\Program Files (x86)\Windows Kits\8.1\Include\um\shellapi.h(1719): note: 参见“HRESULT”的声明
     1>C:\Program Files (x86)\Windows Kits\8.1\Include\um\winspool.h(3577): error C4430: 缺少类型说明符 - 假定为 int。注意: C++ 不支持默认 int
     1>C:\Program Files (x86)\Windows Kits\8.1\Include\um\winspool.h(3579): error C2143: 语法错误: 缺少“;”(在“__stdcall”的前面)
     1>C:\Program Files (x86)\Windows Kits\8.1\Include\um\winspool.h(3579): error C4430: 缺少类型说明符 - 假定为 int。注意: C++ 不支持默认 int
     1>C:\Program Files (x86)\Windows Kits\8.1\Include\um\winspool.h(3579): error C2086: “int HRESULT”: 重定义
         C:\Program Files (x86)\Windows Kits\8.1\Include\um\shellapi.h(1719): note: 参见“HRESULT”的声明
     1>C:\Program Files (x86)\Windows Kits\8.1\Include\um\winspool.h(3587): error C4430: 缺少类型说明符 - 假定为 int。注意: C++ 不支持默认 int
     1>C:\Program Files (x86)\Windows Kits\8.1\Include\um\winspool.h(3595): error C2143: 语法错误: 缺少“;”(在“__stdcall”的前面)
     1>C:\Program Files (x86)\Windows Kits\8.1\Include\um\winspool.h(3595): error C4430: 缺少类型说明符 - 假定为 int。注意: C++ 不支持默认 int
     1>C:\Program Files (x86)\Windows Kits\8.1\Include\um\winspool.h(3595): error C2086: “int HRESULT”: 重定义
         C:\Program Files (x86)\Windows Kits\8.1\Include\um\shellapi.h(1719): note: 参见“HRESULT”的声明
     1>C:\Program Files (x86)\Windows Kits\8.1\Include\um\winspool.h(3604): error C4430: 缺少类型说明符 - 假定为 int。注意: C++ 不支持默认 int
     1>C:\Program Files (x86)\Windows Kits\8.1\Include\um\winspool.h(3606): error C2143: 语法错误: 缺少“;”(在“__stdcall”的前面)
     1>C:\Program Files (x86)\Windows Kits\8.1\Include\um\winspool.h(3606): error C4430: 缺少类型说明符 - 假定为 int。注意: C++ 不支持默认 int
     1>C:\Program Files (x86)\Windows Kits\8.1\Include\um\winspool.h(3606): error C2086: “int HRESULT”: 重定义
         C:\Program Files (x86)\Windows Kits\8.1\Include\um\shellapi.h(1719): note: 参见“HRESULT”的声明
     1>C:\Program Files (x86)\Windows Kits\8.1\Include\um\winspool.h(3615): error C4430: 缺少类型说明符 - 假定为 int。注意: C++ 不支持默认 int
     1>C:\Program Files (x86)\Windows Kits\8.1\Include\um\winspool.h(3623): error C2143: 语法错误: 缺少“;”(在“__stdcall”的前面)
     1>C:\Program Files (x86)\Windows Kits\8.1\Include\um\winspool.h(3623): error C4430: 缺少类型说明符 - 假定为 int。注意: C++ 不支持默认 int
     1>C:\Program Files (x86)\Windows Kits\8.1\Include\um\winspool.h(3623): error C2086: “int HRESULT”: 重定义
         C:\Program Files (x86)\Windows Kits\8.1\Include\um\shellapi.h(1719): note: 参见“HRESULT”的声明
     1>C:\Program Files (x86)\Windows Kits\8.1\Include\um\winspool.h(3628): error C4430: 缺少类型说明符 - 假定为 int。注意: C++ 不支持默认 int
     1>C:\Program Files (x86)\Windows Kits\8.1\Include\um\winspool.h(3630): error C2143: 语法错误: 缺少“;”(在“__stdcall”的前面)
     1>C:\Program Files (x86)\Windows Kits\8.1\Include\um\winspool.h(3630): fatal error C1003: 错误计数超过 100；正在停止编译
     1>已完成生成项目“E:\RESEARCH\mobile welding robot\control\Kinect\Kinect_ImagePorcess_Runtime\Kinect_ImagePorcess_Runtime\Kinect_ImagePorcess_Runtime.vcxproj”(Build 个目标)的操作 - 失败。

生成失败。

已用时间 00:00:01.70
